<?xml version="1.0" encoding="UTF-8"?>
<!-- Generated by org.testng.reporters.JUnitReportReporter -->
<testsuite hostname="SONY-LAPTOP" failures="0" tests="1" name="All_Scripts.TC1" time="16.571" errors="0" timestamp="2022-07-14T22:09:17 IST" skipped="0">
  <testcase classname="All_Scripts.TC1" name="tc1" time="16.571"/>
  <system-out/>
</testsuite> <!-- All_Scripts.TC1 -->
