<?xml version="1.0" encoding="UTF-8"?>
<!-- Generated by org.testng.reporters.JUnitReportReporter -->
<testsuite hostname="SONY-LAPTOP" failures="0" tests="1" name="scripts.TestCase3" time="32.464" errors="0" timestamp="2022-07-11T22:36:56 IST" skipped="0">
  <testcase classname="scripts.TestCase3" name="tc3" time="32.464"/>
  <system-out/>
</testsuite> <!-- scripts.TestCase3 -->
