<?xml version="1.0" encoding="UTF-8"?>
<!-- Generated by org.testng.reporters.JUnitReportReporter -->
<testsuite hostname="SONY-LAPTOP" failures="0" tests="1" name="All_Scripts.TC3" time="31.759" errors="0" timestamp="2022-07-14T22:40:01 IST" skipped="0">
  <testcase classname="All_Scripts.TC3" name="tc3" time="31.759"/>
  <system-out/>
</testsuite> <!-- All_Scripts.TC3 -->
