<?xml version="1.0" encoding="UTF-8"?>
<!-- Generated by org.testng.reporters.JUnitReportReporter -->
<testsuite hostname="SONY-LAPTOP" failures="0" tests="1" name="All_Scripts.TC2" time="18.471" errors="0" timestamp="2022-07-14T22:10:06 IST" skipped="0">
  <testcase classname="All_Scripts.TC2" name="tc2" time="18.471"/>
  <system-out/>
</testsuite> <!-- All_Scripts.TC2 -->
