<?xml version="1.0" encoding="UTF-8"?>
<!-- Generated by org.testng.reporters.JUnitReportReporter -->
<testsuite hostname="SONY-LAPTOP" failures="0" tests="1" name="scripts.TestCase1" time="30.383" errors="0" timestamp="2022-07-11T17:54:21 IST" skipped="0">
  <testcase classname="scripts.TestCase1" name="tc1" time="30.383"/>
  <system-out/>
</testsuite> <!-- scripts.TestCase1 -->
