<?xml version="1.0" encoding="UTF-8"?>
<!-- Generated by org.testng.reporters.JUnitReportReporter -->
<testsuite hostname="SONY-LAPTOP" failures="0" tests="1" name="scripts.TestCase1" time="93.950" errors="0" timestamp="2022-07-11T20:12:49 IST" skipped="0">
  <testcase classname="scripts.TestCase1" name="tc1" time="93.950"/>
  <system-out/>
</testsuite> <!-- scripts.TestCase1 -->
